0 info it worked if it ends with ok
1 verbose cli [ 'c:\\Program Files\\nodejs\\node.exe',
1 verbose cli   'c:\\Program Files\\nodejs\\node_modules\\npm\\bin\\npm-cli.js',
1 verbose cli   'start' ]
2 info using npm@1.3.14
3 info using node@v0.10.22
4 verbose run-script [ 'prestart', 'start', 'poststart' ]
5 info prestart nodejs-express-mongoose-demo@3.0.0
6 info start nodejs-express-mongoose-demo@3.0.0
7 verbose unsafe-perm in lifecycle true
8 info nodejs-express-mongoose-demo@3.0.0 Failed to exec start script
9 error nodejs-express-mongoose-demo@3.0.0 start: `NODE_ENV=development ./node_modules/.bin/nodemon server.js`
9 error Exit status 1
10 error Failed at the nodejs-express-mongoose-demo@3.0.0 start script.
10 error This is most likely a problem with the nodejs-express-mongoose-demo package,
10 error not with npm itself.
10 error Tell the author that this fails on your system:
10 error     NODE_ENV=development ./node_modules/.bin/nodemon server.js
10 error You can get their info via:
10 error     npm owner ls nodejs-express-mongoose-demo
10 error There is likely additional logging output above.
11 error System Windows_NT 6.1.7601
12 error command "c:\\Program Files\\nodejs\\node.exe" "c:\\Program Files\\nodejs\\node_modules\\npm\\bin\\npm-cli.js" "start"
13 error cwd c:\heroku2\node
14 error node -v v0.10.22
15 error npm -v 1.3.14
16 error code ELIFECYCLE
17 verbose exit [ 1, true ]
